Release 14.7 - ngc2edif P.20131013 (nt64)
Copyright (c) 1995-2013 Xilinx, Inc.  All rights reserved.
Reading design zad_1.ngc ...
WARNING:NetListWriters:298 - No output is written to zad_1.xncf, ignored.
Processing design ...
   Preping design's networks ...
   Preping design's macros ...
  finished :Prep
Writing EDIF netlist file zad_1.edif ...
ngc2edif: Total memory usage is 4321608 kilobytes

Release 14.7 - ngc2edif P.20131013 (nt64)
Copyright (c) 1995-2013 Xilinx, Inc.  All rights reserved.
Reading design zad_2.ngc ...
WARNING:NetListWriters:298 - No output is written to zad_2.xncf, ignored.
Processing design ...
   Preping design's networks ...
   Preping design's macros ...
WARNING:NetListWriters:306 - Signal bus Mcompar_rCnt_cmp_ge0000_lut<8 : 0> on
   block zad_2 is not reconstructed, because there are some missing bus signals.
  finished :Prep
Writing EDIF netlist file zad_2.edif ...
ngc2edif: Total memory usage is 4321608 kilobytes

