Release 14.7 - xst P.20131013 (nt64)
Copyright (c) 1995-2013 Xilinx, Inc.  All rights reserved.
--> Parameter TMPDIR set to xst/projnav.tmp


Total REAL time to Xst completion: 0.00 secs
Total CPU time to Xst completion: 0.08 secs
 
--> Parameter xsthdpdir set to xst


Total REAL time to Xst completion: 0.00 secs
Total CPU time to Xst completion: 0.08 secs
 
--> Reading design: zad_2.prj

TABLE OF CONTENTS
  1) Synthesis Options Summary
  2) HDL Compilation
  3) Design Hierarchy Analysis
  4) HDL Analysis
  5) HDL Synthesis
     5.1) HDL Synthesis Report
  6) Advanced HDL Synthesis
     6.1) Advanced HDL Synthesis Report
  7) Low Level Synthesis
  8) Partition Report
  9) Final Report
	9.1) Device utilization summary
	9.2) Partition Resource Summary
	9.3) TIMING REPORT


=========================================================================
*                      Synthesis Options Summary                        *
=========================================================================
---- Source Parameters
Input File Name                    : "zad_2.prj"
Input Format                       : mixed
Ignore Synthesis Constraint File   : NO

---- Target Parameters
Output File Name                   : "zad_2"
Output Format                      : NGC
Target Device                      : xc3s50a-4-tq144

---- Source Options
Top Module Name                    : zad_2
Automatic FSM Extraction           : YES
FSM Encoding Algorithm             : Auto
Safe Implementation                : No
FSM Style                          : LUT
RAM Extraction                     : Yes
RAM Style                          : Auto
ROM Extraction                     : Yes
Mux Style                          : Auto
Decoder Extraction                 : YES
Priority Encoder Extraction        : Yes
Shift Register Extraction          : YES
Logical Shifter Extraction         : YES
XOR Collapsing                     : YES
ROM Style                          : Auto
Mux Extraction                     : Yes
Resource Sharing                   : YES
Asynchronous To Synchronous        : NO
Multiplier Style                   : Auto
Automatic Register Balancing       : No

---- Target Options
Add IO Buffers                     : YES
Global Maximum Fanout              : 500
Add Generic Clock Buffer(BUFG)     : 24
Register Duplication               : YES
Slice Packing                      : YES
Optimize Instantiated Primitives   : NO
Use Clock Enable                   : Yes
Use Synchronous Set                : Yes
Use Synchronous Reset              : Yes
Pack IO Registers into IOBs        : Auto
Equivalent register Removal        : YES

---- General Options
Optimization Goal                  : Speed
Optimization Effort                : 1
Keep Hierarchy                     : No
Netlist Hierarchy                  : As_Optimized
RTL Output                         : Yes
Global Optimization                : AllClockNets
Read Cores                         : YES
Write Timing Constraints           : NO
Cross Clock Analysis               : NO
Hierarchy Separator                : /
Bus Delimiter                      : <>
Case Specifier                     : Maintain
Slice Utilization Ratio            : 100
BRAM Utilization Ratio             : 100
Verilog 2001                       : YES
Auto BRAM Packing                  : NO
Slice Utilization Ratio Delta      : 5

=========================================================================


=========================================================================
*                          HDL Compilation                              *
=========================================================================
Compiling verilog file "zad_2.v" in library work
WARNING:HDLCompilers:298 - "zad_2.v" line 35 Too many digits specified in decimal constant
Module <zad_2> compiled
No errors in compilation
Analysis of file <"zad_2.prj"> succeeded.
 

=========================================================================
*                     Design Hierarchy Analysis                         *
=========================================================================
Analyzing hierarchy for module <zad_2> in library <work>.


=========================================================================
*                            HDL Analysis                               *
=========================================================================
Analyzing top module <zad_2>.
WARNING:Xst:2725 - "zad_2.v" line 52: Size mismatch between case item and case selector.
WARNING:Xst:2725 - "zad_2.v" line 58: Size mismatch between case item and case selector.
WARNING:Xst:2725 - "zad_2.v" line 62: Size mismatch between case item and case selector.
WARNING:Xst:2725 - "zad_2.v" line 66: Size mismatch between case item and case selector.
WARNING:Xst:2725 - "zad_2.v" line 70: Size mismatch between case item and case selector.
WARNING:Xst:2725 - "zad_2.v" line 74: Size mismatch between case item and case selector.
WARNING:Xst:2725 - "zad_2.v" line 78: Size mismatch between case item and case selector.
WARNING:Xst:2725 - "zad_2.v" line 82: Size mismatch between case item and case selector.
WARNING:Xst:2725 - "zad_2.v" line 86: Size mismatch between case item and case selector.
WARNING:Xst:2725 - "zad_2.v" line 90: Size mismatch between case item and case selector.
Module <zad_2> is correct for synthesis.
 

=========================================================================
*                           HDL Synthesis                               *
=========================================================================

Performing bidirectional port resolution...

Synthesizing Unit <zad_2>.
    Related source file is "zad_2.v".
    Found 3-bit register for signal <baza>.
    Found 8-bit register for signal <seg>.
    Found 23-bit adder for signal <old_rCnt_1$add0000> created at line 34.
    Found 5-bit adder for signal <old_rStan_2$add0000> created at line 44.
    Found 23-bit up counter for signal <rCnt>.
    Found 23-bit comparator greatequal for signal <rCnt$cmp_ge0000> created at line 35.
    Found 5-bit up counter for signal <rStan>.
    Found 5-bit comparator greatequal for signal <rStan$cmp_ge0000> created at line 45.
    Found 1-bit register for signal <sCLK1s>.
    Found 23-bit comparator greatequal for signal <sCLK1s$cmp_ge0000> created at line 35.
    Summary:
	inferred   2 Counter(s).
	inferred  12 D-type flip-flop(s).
	inferred   2 Adder/Subtractor(s).
	inferred   3 Comparator(s).
Unit <zad_2> synthesized.


=========================================================================
HDL Synthesis Report

Macro Statistics
# Adders/Subtractors                                   : 2
 23-bit adder                                          : 1
 5-bit adder                                           : 1
# Counters                                             : 2
 23-bit up counter                                     : 1
 5-bit up counter                                      : 1
# Registers                                            : 3
 1-bit register                                        : 1
 3-bit register                                        : 1
 8-bit register                                        : 1
# Comparators                                          : 3
 23-bit comparator greatequal                          : 2
 5-bit comparator greatequal                           : 1

=========================================================================

=========================================================================
*                       Advanced HDL Synthesis                          *
=========================================================================


=========================================================================
Advanced HDL Synthesis Report

Macro Statistics
# Adders/Subtractors                                   : 2
 23-bit adder                                          : 1
 5-bit adder                                           : 1
# Counters                                             : 2
 23-bit up counter                                     : 1
 5-bit up counter                                      : 1
# Registers                                            : 12
 Flip-Flops                                            : 12
# Comparators                                          : 3
 23-bit comparator greatequal                          : 2
 5-bit comparator greatequal                           : 1

=========================================================================

=========================================================================
*                         Low Level Synthesis                           *
=========================================================================

Optimizing unit <zad_2> ...
WARNING:Xst:1710 - FF/Latch <seg_0> (without init value) has a constant value of 1 in block <zad_2>. This FF/Latch will be trimmed during the optimization process.
WARNING:Xst:1710 - FF/Latch <seg_1> (without init value) has a constant value of 1 in block <zad_2>. This FF/Latch will be trimmed during the optimization process.

Mapping all equations...
Building and optimizing final netlist ...
Found area constraint ratio of 100 (+ 5) on block zad_2, actual ratio is 7.

Final Macro Processing ...

=========================================================================
Final Register Report

Macro Statistics
# Registers                                            : 38
 Flip-Flops                                            : 38

=========================================================================

=========================================================================
*                           Partition Report                            *
=========================================================================

Partition Implementation Status
-------------------------------

  No Partitions were found in this design.

-------------------------------

=========================================================================
*                            Final Report                               *
=========================================================================
Final Results
RTL Top Level Output File Name     : zad_2.ngr
Top Level Output File Name         : zad_2
Output Format                      : NGC
Optimization Goal                  : Speed
Keep Hierarchy                     : No

Design Statistics
# IOs                              : 12

Cell Usage :
# BELS                             : 182
#      GND                         : 1
#      INV                         : 6
#      LUT1                        : 47
#      LUT2                        : 7
#      LUT3                        : 5
#      LUT3_L                      : 1
#      LUT4                        : 19
#      MUXCY                       : 54
#      MUXF5                       : 2
#      VCC                         : 1
#      XORCY                       : 39
# FlipFlops/Latches                : 38
#      FD                          : 3
#      FDE                         : 1
#      FDR                         : 28
#      FDS                         : 6
# Clock Buffers                    : 1
#      BUFGP                       : 1
# IO Buffers                       : 11
#      OBUF                        : 11
=========================================================================

Device utilization summary:
---------------------------

Selected Device : 3s50atq144-4 

 Number of Slices:                       51  out of    704     7%  
 Number of Slice Flip Flops:             38  out of   1408     2%  
 Number of 4 input LUTs:                 85  out of   1408     6%  
 Number of IOs:                          12
 Number of bonded IOBs:                  12  out of    108    11%  
 Number of GCLKs:                         1  out of     24     4%  

---------------------------
Partition Resource Summary:
---------------------------

  No Partitions were found in this design.

---------------------------


=========================================================================
TIMING REPORT

NOTE: THESE TIMING NUMBERS ARE ONLY A SYNTHESIS ESTIMATE.
      FOR ACCURATE TIMING INFORMATION PLEASE REFER TO THE TRACE REPORT
      GENERATED AFTER PLACE-and-ROUTE.

Clock Information:
------------------
-----------------------------------+------------------------+-------+
Clock Signal                       | Clock buffer(FF name)  | Load  |
-----------------------------------+------------------------+-------+
iCLK                               | BUFGP                  | 24    |
sCLK1s                             | NONE(baza_0)           | 14    |
-----------------------------------+------------------------+-------+
INFO:Xst:2169 - HDL ADVISOR - Some clock signals were not automatically buffered by XST with BUFG/BUFR resources. Please use the buffer_type constraint in order to insert these buffers to the clock signals to help prevent skew problems.

Asynchronous Control Signals Information:
----------------------------------------
No asynchronous control signals found in this design

Timing Summary:
---------------
Speed Grade: -4

   Minimum period: 8.580ns (Maximum Frequency: 116.550MHz)
   Minimum input arrival time before clock: No path found
   Maximum output required time after clock: 5.642ns
   Maximum combinational path delay: No path found

Timing Detail:
--------------
All values displayed in nanoseconds (ns)

=========================================================================
Timing constraint: Default period analysis for Clock 'iCLK'
  Clock period: 8.580ns (frequency: 116.550MHz)
  Total number of paths / destination ports: 6229 / 48
-------------------------------------------------------------------------
Delay:               8.580ns (Levels of Logic = 24)
  Source:            rCnt_1 (FF)
  Destination:       rCnt_0 (FF)
  Source Clock:      iCLK rising
  Destination Clock: iCLK rising

  Data Path: rCnt_1 to rCnt_0
                                Gate     Net
    Cell:in->out      fanout   Delay   Delay  Logical Name (Net Name)
    ----------------------------------------  ------------
     FDR:C->Q              2   0.591   0.590  rCnt_1 (rCnt_1)
     LUT1:I0->O            1   0.648   0.000  Madd_old_rCnt_1_add0000_cy<1>_rt (Madd_old_rCnt_1_add0000_cy<1>_rt)
     MUXCY:S->O            1   0.632   0.000  Madd_old_rCnt_1_add0000_cy<1> (Madd_old_rCnt_1_add0000_cy<1>)
     MUXCY:CI->O           1   0.065   0.000  Madd_old_rCnt_1_add0000_cy<2> (Madd_old_rCnt_1_add0000_cy<2>)
     MUXCY:CI->O           1   0.065   0.000  Madd_old_rCnt_1_add0000_cy<3> (Madd_old_rCnt_1_add0000_cy<3>)
     MUXCY:CI->O           1   0.065   0.000  Madd_old_rCnt_1_add0000_cy<4> (Madd_old_rCnt_1_add0000_cy<4>)
     MUXCY:CI->O           1   0.065   0.000  Madd_old_rCnt_1_add0000_cy<5> (Madd_old_rCnt_1_add0000_cy<5>)
     MUXCY:CI->O           1   0.065   0.000  Madd_old_rCnt_1_add0000_cy<6> (Madd_old_rCnt_1_add0000_cy<6>)
     MUXCY:CI->O           1   0.065   0.000  Madd_old_rCnt_1_add0000_cy<7> (Madd_old_rCnt_1_add0000_cy<7>)
     MUXCY:CI->O           1   0.065   0.000  Madd_old_rCnt_1_add0000_cy<8> (Madd_old_rCnt_1_add0000_cy<8>)
     MUXCY:CI->O           1   0.065   0.000  Madd_old_rCnt_1_add0000_cy<9> (Madd_old_rCnt_1_add0000_cy<9>)
     MUXCY:CI->O           1   0.065   0.000  Madd_old_rCnt_1_add0000_cy<10> (Madd_old_rCnt_1_add0000_cy<10>)
     MUXCY:CI->O           1   0.065   0.000  Madd_old_rCnt_1_add0000_cy<11> (Madd_old_rCnt_1_add0000_cy<11>)
     MUXCY:CI->O           1   0.065   0.000  Madd_old_rCnt_1_add0000_cy<12> (Madd_old_rCnt_1_add0000_cy<12>)
     MUXCY:CI->O           1   0.065   0.000  Madd_old_rCnt_1_add0000_cy<13> (Madd_old_rCnt_1_add0000_cy<13>)
     MUXCY:CI->O           1   0.065   0.000  Madd_old_rCnt_1_add0000_cy<14> (Madd_old_rCnt_1_add0000_cy<14>)
     MUXCY:CI->O           1   0.065   0.000  Madd_old_rCnt_1_add0000_cy<15> (Madd_old_rCnt_1_add0000_cy<15>)
     MUXCY:CI->O           1   0.065   0.000  Madd_old_rCnt_1_add0000_cy<16> (Madd_old_rCnt_1_add0000_cy<16>)
     MUXCY:CI->O           1   0.065   0.000  Madd_old_rCnt_1_add0000_cy<17> (Madd_old_rCnt_1_add0000_cy<17>)
     MUXCY:CI->O           1   0.065   0.000  Madd_old_rCnt_1_add0000_cy<18> (Madd_old_rCnt_1_add0000_cy<18>)
     MUXCY:CI->O           1   0.065   0.000  Madd_old_rCnt_1_add0000_cy<19> (Madd_old_rCnt_1_add0000_cy<19>)
     MUXCY:CI->O           1   0.065   0.000  Madd_old_rCnt_1_add0000_cy<20> (Madd_old_rCnt_1_add0000_cy<20>)
     XORCY:CI->O           1   0.844   0.563  Madd_old_rCnt_1_add0000_xor<21> (old_rCnt_1_add0000<21>)
     LUT2:I0->O            1   0.648   0.000  Mcompar_rCnt_cmp_ge0000_lut<9> (Mcompar_rCnt_cmp_ge0000_lut<9>)
     MUXCY:S->O           24   0.708   1.252  Mcompar_rCnt_cmp_ge0000_cy<9> (rCnt_cmp_ge0000)
     FDR:R                     0.869          rCnt_0
    ----------------------------------------
    Total                      8.580ns (6.175ns logic, 2.405ns route)
                                       (72.0% logic, 28.0% route)

=========================================================================
Timing constraint: Default period analysis for Clock 'sCLK1s'
  Clock period: 5.791ns (frequency: 172.682MHz)
  Total number of paths / destination ports: 190 / 25
-------------------------------------------------------------------------
Delay:               5.791ns (Levels of Logic = 3)
  Source:            rStan_0 (FF)
  Destination:       rStan_0 (FF)
  Source Clock:      sCLK1s rising
  Destination Clock: sCLK1s rising

  Data Path: rStan_0 to rStan_0
                                Gate     Net
    Cell:in->out      fanout   Delay   Delay  Logical Name (Net Name)
    ----------------------------------------  ------------
     FDR:C->Q             14   0.591   1.143  rStan_0 (rStan_0)
     LUT3_L:I0->LO         1   0.648   0.132  baza_mux0000<0>22 (Madd_old_rStan_2_add0000_cy<2>)
     LUT3:I2->O            2   0.648   0.479  Result<4>11 (Result<4>1)
     LUT4:I2->O            5   0.648   0.633  rStan_cmp_ge00001 (rStan_cmp_ge0000)
     FDR:R                     0.869          rStan_0
    ----------------------------------------
    Total                      5.791ns (3.404ns logic, 2.387ns route)
                                       (58.8% logic, 41.2% route)

=========================================================================
Timing constraint: Default OFFSET OUT AFTER for Clock 'sCLK1s'
  Total number of paths / destination ports: 9 / 9
-------------------------------------------------------------------------
Offset:              5.642ns (Levels of Logic = 1)
  Source:            seg_2 (FF)
  Destination:       seg<2> (PAD)
  Source Clock:      sCLK1s rising

  Data Path: seg_2 to seg<2>
                                Gate     Net
    Cell:in->out      fanout   Delay   Delay  Logical Name (Net Name)
    ----------------------------------------  ------------
     FDS:C->Q              3   0.591   0.531  seg_2 (seg_2)
     OBUF:I->O                 4.520          seg_2_OBUF (seg<2>)
    ----------------------------------------
    Total                      5.642ns (5.111ns logic, 0.531ns route)
                                       (90.6% logic, 9.4% route)

=========================================================================


Total REAL time to Xst completion: 3.00 secs
Total CPU time to Xst completion: 2.94 secs
 
--> 

Total memory usage is 4482120 kilobytes

Number of errors   :    0 (   0 filtered)
Number of warnings :   13 (   0 filtered)
Number of infos    :    1 (   0 filtered)

