Running: C:\XilinxISE\14.7\ISE_DS\ISE\bin\nt64\unwrapped\fuse.exe -intstyle ise -incremental -lib unisims_ver -lib unimacro_ver -lib xilinxcorelib_ver -o C:/Studenci/zv53855/lab_9/LED_1ms_tb_isim_beh.exe -prj C:/Studenci/zv53855/lab_9/LED_1ms_tb_beh.prj work.LED_1ms_tb work.glbl 
ISim P.20131013 (signature 0x7708f090)
Number of CPUs detected in this system: 12
Turning on mult-threading, number of parallel sub-compilation jobs: 24 
Determining compilation order of HDL files
Analyzing Verilog file "C:/Studenci/zv53855/lab_9/LED_1ms.v" into library work
Analyzing Verilog file "C:/Studenci/zv53855/lab_9/LED_1ms_tb.v" into library work
Analyzing Verilog file "C:/XilinxISE/14.7/ISE_DS/ISE//verilog/src/glbl.v" into library work
Starting static elaboration
Completed static elaboration
Compiling module LED_1ms
Compiling module LED_1ms_tb
Compiling module glbl
Time Resolution for simulation is 1ps.
Waiting for 1 sub-compilation(s) to finish...
WARNING:Simulator - Unable to copy libPortabilityNOSH.dll to the simulation executable directory: boost::filesystem::copy_file: System nie mo¿e odnale æ okre lonej  cie¿ki, "isim\LED_1ms_tb_isim_beh.exe.sim\libPortability.dll".
Compiled 3 Verilog Units
Built simulation executable C:/Studenci/zv53855/lab_9/LED_1ms_tb_isim_beh.exe
Fuse Memory Usage: 30676 KB
Fuse CPU Usage: 296 ms
